{"level":"error","message":"Failed to sync db: connect ECONNREFUSED 127.0.0.1:3306","timestamp":"2025-02-01T16:20:52.938Z"}
{"level":"error","message":"Failed to sync db: Unknown database 'database_development'","timestamp":"2025-02-06T16:48:46.921Z"}
{"level":"error","message":"Failed to sync db: Duplicate column name 'PortID'","timestamp":"2025-02-06T16:49:54.551Z"}
{"level":"error","message":"Failed to sync db: Duplicate column name 'PortID'","timestamp":"2025-02-06T16:53:33.467Z"}
{"level":"error","message":"Failed to sync db: Duplicate column name 'PortID'","timestamp":"2025-02-06T16:55:06.774Z"}
{"level":"error","message":"Failed to sync db: Duplicate column name 'PortID'","timestamp":"2025-02-06T16:55:15.874Z"}
{"level":"info","message":"Synced db.","timestamp":"2025-02-06T16:56:12.729Z"}
{"level":"info","message":"Listening on port 3000","timestamp":"2025-02-06T16:56:12.741Z"}
{"level":"info","message":"Synced db.","timestamp":"2025-02-06T17:03:36.671Z"}
{"level":"info","message":"Listening on port 3000","timestamp":"2025-02-06T17:03:36.684Z"}
{"level":"info","message":"Synced db.","timestamp":"2025-02-06T17:04:02.515Z"}
{"level":"info","message":"Listening on port 3000","timestamp":"2025-02-06T17:04:02.525Z"}
{"level":"info","message":"Synced db.","timestamp":"2025-02-06T17:04:28.091Z"}
{"level":"info","message":"Listening on port 3000","timestamp":"2025-02-06T17:04:28.102Z"}
{"level":"info","message":"Synced db.","timestamp":"2025-02-06T17:05:46.379Z"}
{"level":"info","message":"Listening on port 3000","timestamp":"2025-02-06T17:05:46.389Z"}
{"level":"info","message":"Synced db.","timestamp":"2025-02-06T17:06:22.553Z"}
{"level":"info","message":"Listening on port 3000","timestamp":"2025-02-06T17:06:22.564Z"}
{"level":"info","message":"Synced db.","timestamp":"2025-02-06T17:07:00.839Z"}
{"level":"info","message":"Listening on port 3000","timestamp":"2025-02-06T17:07:00.848Z"}
{"level":"info","message":"Synced db.","timestamp":"2025-02-06T17:16:13.971Z"}
{"level":"info","message":"Listening on port 3000","timestamp":"2025-02-06T17:16:13.977Z"}
{"level":"info","message":"Synced db.","timestamp":"2025-02-06T17:17:27.243Z"}
{"level":"info","message":"Listening on port 3000","timestamp":"2025-02-06T17:17:27.251Z"}
{"level":"info","message":"Synced db.","timestamp":"2025-02-06T17:22:08.981Z"}
{"level":"info","message":"Listening on port 3000","timestamp":"2025-02-06T17:22:08.988Z"}
{"level":"info","message":"Synced db.","timestamp":"2025-02-06T17:24:03.272Z"}
{"level":"info","message":"Listening on port 3000","timestamp":"2025-02-06T17:24:03.280Z"}
{"level":"info","message":"Synced db.","timestamp":"2025-02-06T17:26:05.719Z"}
{"level":"info","message":"Listening on port 3000","timestamp":"2025-02-06T17:26:05.729Z"}
{"level":"info","message":"Synced db.","timestamp":"2025-02-06T17:26:43.549Z"}
{"level":"info","message":"Listening on port 3000","timestamp":"2025-02-06T17:26:43.556Z"}
{"level":"info","message":"Synced db.","timestamp":"2025-02-06T17:27:14.971Z"}
{"level":"info","message":"Listening on port 3000","timestamp":"2025-02-06T17:27:14.978Z"}
{"level":"info","message":"Synced db.","timestamp":"2025-02-06T17:27:48.995Z"}
{"level":"info","message":"Listening on port 3000","timestamp":"2025-02-06T17:27:49.003Z"}
{"level":"info","message":"Synced db.","timestamp":"2025-02-06T17:28:41.286Z"}
{"level":"info","message":"Listening on port 3000","timestamp":"2025-02-06T17:28:41.295Z"}
{"level":"info","message":"Synced db.","timestamp":"2025-02-06T17:29:21.497Z"}
{"level":"info","message":"Listening on port 3000","timestamp":"2025-02-06T17:29:21.506Z"}
{"level":"info","message":"Synced db.","timestamp":"2025-02-06T17:30:19.196Z"}
{"level":"info","message":"Listening on port 3000","timestamp":"2025-02-06T17:30:19.204Z"}
{"level":"info","message":"Synced db.","timestamp":"2025-02-06T17:30:31.737Z"}
{"level":"info","message":"Listening on port 3000","timestamp":"2025-02-06T17:30:31.744Z"}
{"level":"info","message":"Synced db.","timestamp":"2025-02-06T17:33:12.207Z"}
{"level":"info","message":"Listening on port 3000","timestamp":"2025-02-06T17:33:12.215Z"}
{"level":"info","message":"Synced db.","timestamp":"2025-02-06T17:33:52.572Z"}
{"level":"info","message":"Listening on port 3000","timestamp":"2025-02-06T17:33:52.579Z"}
{"level":"info","message":"Synced db.","timestamp":"2025-02-06T17:34:21.173Z"}
{"level":"info","message":"Listening on port 3000","timestamp":"2025-02-06T17:34:21.183Z"}
{"level":"info","message":"Synced db.","timestamp":"2025-02-06T17:37:03.248Z"}
{"level":"info","message":"Listening on port 3000","timestamp":"2025-02-06T17:37:03.256Z"}
{"level":"info","message":"Synced db.","timestamp":"2025-02-06T17:37:40.983Z"}
{"level":"info","message":"Listening on port 3000","timestamp":"2025-02-06T17:37:40.991Z"}
{"level":"info","message":"Synced db.","timestamp":"2025-02-06T17:37:46.729Z"}
{"level":"info","message":"Listening on port 3000","timestamp":"2025-02-06T17:37:46.735Z"}
{"level":"info","message":"Synced db.","timestamp":"2025-02-06T17:38:43.189Z"}
{"level":"info","message":"Listening on port 3000","timestamp":"2025-02-06T17:38:43.196Z"}
{"level":"info","message":"Synced db.","timestamp":"2025-02-06T17:39:04.992Z"}
{"level":"info","message":"Listening on port 3000","timestamp":"2025-02-06T17:39:05.000Z"}
{"level":"info","message":"Synced db.","timestamp":"2025-02-06T17:41:23.467Z"}
{"level":"info","message":"Listening on port 3000","timestamp":"2025-02-06T17:41:23.474Z"}
{"level":"info","message":"Synced db.","timestamp":"2025-02-06T17:43:00.600Z"}
{"level":"info","message":"Listening on port 3000","timestamp":"2025-02-06T17:43:00.607Z"}
{"level":"info","message":"Synced db.","timestamp":"2025-02-06T17:43:55.454Z"}
{"level":"info","message":"Listening on port 3000","timestamp":"2025-02-06T17:43:55.461Z"}
{"level":"info","message":"Synced db.","timestamp":"2025-02-06T17:45:10.619Z"}
{"level":"info","message":"Listening on port 3000","timestamp":"2025-02-06T17:45:10.629Z"}
